<?xml version="1.0" encoding="UTF-8"?>
<!-- Generated by org.testng.reporters.JUnitReportReporter -->
<testsuite hostname="MAD96322" failures="0" tests="1" name="Day34TestNG.FirstTestCase" time="0.015" errors="0" timestamp="2022-08-15T12:04:38 PDT" skipped="0">
  <testcase classname="Day34TestNG.FirstTestCase" name="print" time="0.015"/>
  <system-out/>
</testsuite> <!-- Day34TestNG.FirstTestCase -->
