<?xml version="1.0" encoding="UTF-8"?>
<!-- Generated by org.testng.reporters.JUnitReportReporter -->
<testsuite hostname="MAD96322" failures="0" tests="4" name="Day36.pack2.DBTest1" time="0.008" errors="0" timestamp="2022-06-21T22:01:31 PDT" skipped="0">
  <testcase classname="Day36.pack2.DBTest1" name="test_insert" time="0.006"/>
  <system-out/>
  <testcase classname="Day36.pack2.DBTest1" name="test_insert" time="0.001"/>
  <system-out/>
  <testcase classname="Day36.pack2.DBTest1" name="test_update" time="0.001"/>
  <system-out/>
  <testcase classname="Day36.pack2.DBTest1" name="test_update" time="0.000"/>
  <system-out/>
</testsuite> <!-- Day36.pack2.DBTest1 -->
