<?xml version="1.0" encoding="UTF-8"?>
<!-- Generated by org.testng.reporters.JUnitReportReporter -->
<testsuite hostname="MAD96322" failures="0" tests="6" name="Day37.GroupingDemo" time="0.014" errors="0" timestamp="2022-08-15T18:53:12 PDT" skipped="0">
  <testcase classname="Day37.GroupingDemo" name="loginByEmail" time="0.009"/>
  <system-out/>
  <testcase classname="Day37.GroupingDemo" name="loginByfacebook" time="0.001"/>
  <system-out/>
  <testcase classname="Day37.GroupingDemo" name="loginBytwitter" time="0.001"/>
  <system-out/>
  <testcase classname="Day37.GroupingDemo" name="signupbyemail" time="0.001"/>
  <system-out/>
  <testcase classname="Day37.GroupingDemo" name="paymentindollar" time="0.001"/>
  <system-out/>
  <testcase classname="Day37.GroupingDemo" name="paymentinrupees" time="0.001"/>
  <system-out/>
</testsuite> <!-- Day37.GroupingDemo -->
