<?xml version="1.0" encoding="UTF-8"?>
<!-- Generated by org.testng.reporters.JUnitReportReporter -->
<testsuite hostname="MAD96322" failures="0" tests="2" name="day40_pageobjectmodel.LoginTest" time="2.411" errors="0" timestamp="2022-08-16T13:27:24 PDT" skipped="0">
  <testcase classname="day40_pageobjectmodel.LoginTest" name="testLogo" time="0.124"/>
  <system-out/>
  <testcase classname="day40_pageobjectmodel.LoginTest" name="test_login" time="2.287"/>
  <system-out/>
</testsuite> <!-- day40_pageobjectmodel.LoginTest -->
