<?xml version="1.0" encoding="UTF-8"?>
<!-- Generated by org.testng.reporters.JUnitReportReporter -->
<testsuite hostname="MAD96322" failures="0" tests="3" name="Day35.LoginTest" time="14.620" errors="0" timestamp="2022-06-21T21:12:46 PDT" skipped="0">
  <testcase classname="Day35.LoginTest" name="openapp" time="12.175"/>
  <system-out/>
  <testcase classname="Day35.LoginTest" name="login" time="2.331"/>
  <system-out/>
  <testcase classname="Day35.LoginTest" name="closeapp" time="0.114"/>
  <system-out/>
</testsuite> <!-- Day35.LoginTest -->
