<?xml version="1.0" encoding="UTF-8"?>
<!-- Generated by org.testng.reporters.JUnitReportReporter -->
<testsuite hostname="MAD96322" failures="0" tests="2" name="Day36.Annotations2" time="0.012" errors="0" timestamp="2022-06-21T21:34:08 PDT" skipped="0">
  <testcase classname="Day36.Annotations2" name="search" time="0.010"/>
  <system-out/>
  <testcase classname="Day36.Annotations2" name="advsearch" time="0.002"/>
  <system-out/>
</testsuite> <!-- Day36.Annotations2 -->
