<?xml version="1.0" encoding="UTF-8"?>
<!-- Generated by org.testng.reporters.JUnitReportReporter -->
<testsuite hostname="MAD96322" failures="0" tests="2" name="Day36.AllAnnotations" time="0.009" errors="0" timestamp="2022-06-21T22:07:29 PDT" skipped="0">
  <testcase classname="Day36.AllAnnotations" name="tm1" time="0.007"/>
  <system-out/>
  <testcase classname="Day36.AllAnnotations" name="tm2" time="0.002"/>
  <system-out/>
</testsuite> <!-- Day36.AllAnnotations -->
