<?xml version="1.0" encoding="UTF-8"?>
<!-- Generated by org.testng.reporters.JUnitReportReporter -->
<testsuite hostname="MAD96322" failures="0" tests="2" name="Day36.Annotations1" time="0.015" errors="0" timestamp="2022-06-21T21:29:19 PDT" skipped="0">
  <testcase classname="Day36.Annotations1" name="search" time="0.013"/>
  <system-out/>
  <testcase classname="Day36.Annotations1" name="advsearch" time="0.002"/>
  <system-out/>
</testsuite> <!-- Day36.Annotations1 -->
